<?xml version="1.0" encoding="UTF-8"?>
<!-- Generated by org.testng.reporters.JUnitXMLReporter -->
<testsuite ignored="0" hostname="DESKTOP-EVOAUGI" failures="1" tests="4" name="reporting" time="21.821" errors="0" timestamp="2022-11-07T21:55:24 EST">
  <testcase classname="reportngcl.reportngtesting" name="reportngcheck1" time="8.153"/>
  <testcase classname="reportngcl.reportngtesting" name="reportngcheck2" time="5.53">
    <failure type="java.lang.AssertionError" message="expected [true] but found [false]">
      <![CDATA[java.lang.AssertionError: expected [true] but found [false]
at reportngcl.reportngtesting.reportngcheck2(reportngtesting.java:20)
at java.base/java.util.ArrayList.forEach(ArrayList.java:1511)
... Removed 31 stack frames]]>
    </failure>
  </testcase> <!-- reportngcheck2 -->
  <testcase classname="reportngcl.reportngtesting" name="reportngcheck3" time="6.29"/>
  <testcase classname="reportngcl.reportngtesting" name="reportngcheck4" time="1.354"/>
</testsuite> <!-- reporting -->
